<?xml version="1.0" encoding="UTF-8"?>
<!-- Generated by org.testng.reporters.JUnitReportReporter -->
<testsuite hostname="LAPTOP-1SFV9PNA" failures="0" tests="2" name="com.capstone.tests.LoginTests" time="28.698" errors="0" timestamp="2025-08-28T11:26:05 IST" skipped="0">
  <testcase classname="com.capstone.tests.LoginTests" name="loginTest" time="7.620"/>
  <testcase classname="com.capstone.tests.LoginTests" name="loginTest" time="21.078"/>
</testsuite> <!-- com.capstone.tests.LoginTests -->
