<?xml version="1.0" encoding="UTF-8"?>
<!-- Generated by org.testng.reporters.JUnitReportReporter -->
<testsuite hostname="LAPTOP-1SFV9PNA" failures="0" tests="1" name="com.capstone.tests.TransactionTests" time="8.007" errors="0" timestamp="2025-08-28T11:26:05 IST" skipped="0">
  <testcase classname="com.capstone.tests.TransactionTests" name="transactionHistory" time="8.007"/>
</testsuite> <!-- com.capstone.tests.TransactionTests -->
